Thu Jan 12 14:55:23 PST 2023 : Apache Derby Network Server - 10.14.2.0 - (1828579) started and ready to accept connections on port 1527
Thu Jan 12 14:57:46 PST 2023 Thread[DRDAConnThread_2,5,main] (DATABASE = null), (DRDAID = null), Execution failed because of a Distributed Protocol Error:  DRDA_Proto_SYNTAXRM; CODPNT arg  = 0; Error Code Value = 3. Plaintext connection attempt from an SSL enabled client?
Thu Jan 12 14:57:46 PST 2023 : Execution failed because of a Distributed Protocol Error:  DRDA_Proto_SYNTAXRM; CODPNT arg  = 0; Error Code Value = 3. Plaintext connection attempt from an SSL enabled client?
org.apache.derby.impl.drda.DRDAProtocolException: Execution failed because of a Distributed Protocol Error:  DRDA_Proto_SYNTAXRM; CODPNT arg  = 0; Error Code Value = 3. Plaintext connection attempt from an SSL enabled client?
	at org.apache.derby.impl.drda.DRDAConnThread.throwSyntaxrm(Unknown Source)
	at org.apache.derby.impl.drda.DDMReader.readDssHeader(Unknown Source)
	at org.apache.derby.impl.drda.DRDAConnThread.exchangeServerAttributes(Unknown Source)
	at org.apache.derby.impl.drda.DRDAConnThread.sessionInitialState(Unknown Source)
	at org.apache.derby.impl.drda.DRDAConnThread.run(Unknown Source)
Thu Jan 12 14:57:46 PST 2023 Thread[DRDAConnThread_2,5,main] (DATABASE = null), (DRDAID = null), Execution failed because of a Distributed Protocol Error:  DRDA_Proto_SYNTAXRM; CODPNT arg  = 0; Error Code Value = 3. Plaintext connection attempt from an SSL enabled client?
Thu Jan 12 14:57:46 PST 2023 : Execution failed because of a Distributed Protocol Error:  DRDA_Proto_SYNTAXRM; CODPNT arg  = 0; Error Code Value = 3. Plaintext connection attempt from an SSL enabled client?
org.apache.derby.impl.drda.DRDAProtocolException: Execution failed because of a Distributed Protocol Error:  DRDA_Proto_SYNTAXRM; CODPNT arg  = 0; Error Code Value = 3. Plaintext connection attempt from an SSL enabled client?
	at org.apache.derby.impl.drda.DRDAConnThread.throwSyntaxrm(Unknown Source)
	at org.apache.derby.impl.drda.DDMReader.readDssHeader(Unknown Source)
	at org.apache.derby.impl.drda.DRDAConnThread.exchangeServerAttributes(Unknown Source)
	at org.apache.derby.impl.drda.DRDAConnThread.sessionInitialState(Unknown Source)
	at org.apache.derby.impl.drda.DRDAConnThread.run(Unknown Source)
Thu Jan 12 14:57:48 PST 2023 Thread[DRDAConnThread_3,5,main] (DATABASE = null), (DRDAID = null), Execution failed because of a Distributed Protocol Error:  DRDA_Proto_SYNTAXRM; CODPNT arg  = 0; Error Code Value = 3. Plaintext connection attempt from an SSL enabled client?
Thu Jan 12 14:57:48 PST 2023 : Execution failed because of a Distributed Protocol Error:  DRDA_Proto_SYNTAXRM; CODPNT arg  = 0; Error Code Value = 3. Plaintext connection attempt from an SSL enabled client?
org.apache.derby.impl.drda.DRDAProtocolException: Execution failed because of a Distributed Protocol Error:  DRDA_Proto_SYNTAXRM; CODPNT arg  = 0; Error Code Value = 3. Plaintext connection attempt from an SSL enabled client?
	at org.apache.derby.impl.drda.DRDAConnThread.throwSyntaxrm(Unknown Source)
	at org.apache.derby.impl.drda.DDMReader.readDssHeader(Unknown Source)
	at org.apache.derby.impl.drda.DRDAConnThread.exchangeServerAttributes(Unknown Source)
	at org.apache.derby.impl.drda.DRDAConnThread.sessionInitialState(Unknown Source)
	at org.apache.derby.impl.drda.DRDAConnThread.run(Unknown Source)
Thu Jan 12 14:57:48 PST 2023 Thread[DRDAConnThread_3,5,main] (DATABASE = null), (DRDAID = null), Execution failed because of a Distributed Protocol Error:  DRDA_Proto_SYNTAXRM; CODPNT arg  = 0; Error Code Value = 3. Plaintext connection attempt from an SSL enabled client?
Thu Jan 12 14:57:48 PST 2023 : Execution failed because of a Distributed Protocol Error:  DRDA_Proto_SYNTAXRM; CODPNT arg  = 0; Error Code Value = 3. Plaintext connection attempt from an SSL enabled client?
org.apache.derby.impl.drda.DRDAProtocolException: Execution failed because of a Distributed Protocol Error:  DRDA_Proto_SYNTAXRM; CODPNT arg  = 0; Error Code Value = 3. Plaintext connection attempt from an SSL enabled client?
	at org.apache.derby.impl.drda.DRDAConnThread.throwSyntaxrm(Unknown Source)
	at org.apache.derby.impl.drda.DDMReader.readDssHeader(Unknown Source)
	at org.apache.derby.impl.drda.DRDAConnThread.exchangeServerAttributes(Unknown Source)
	at org.apache.derby.impl.drda.DRDAConnThread.sessionInitialState(Unknown Source)
	at org.apache.derby.impl.drda.DRDAConnThread.run(Unknown Source)
Thu Jan 12 14:57:53 PST 2023 Thread[DRDAConnThread_4,5,main] (DATABASE = null), (DRDAID = null), Execution failed because of a Distributed Protocol Error:  DRDA_Proto_SYNTAXRM; CODPNT arg  = 0; Error Code Value = 3. Plaintext connection attempt from an SSL enabled client?
Thu Jan 12 14:57:53 PST 2023 : Execution failed because of a Distributed Protocol Error:  DRDA_Proto_SYNTAXRM; CODPNT arg  = 0; Error Code Value = 3. Plaintext connection attempt from an SSL enabled client?
org.apache.derby.impl.drda.DRDAProtocolException: Execution failed because of a Distributed Protocol Error:  DRDA_Proto_SYNTAXRM; CODPNT arg  = 0; Error Code Value = 3. Plaintext connection attempt from an SSL enabled client?
	at org.apache.derby.impl.drda.DRDAConnThread.throwSyntaxrm(Unknown Source)
	at org.apache.derby.impl.drda.DDMReader.readDssHeader(Unknown Source)
	at org.apache.derby.impl.drda.DRDAConnThread.exchangeServerAttributes(Unknown Source)
	at org.apache.derby.impl.drda.DRDAConnThread.sessionInitialState(Unknown Source)
	at org.apache.derby.impl.drda.DRDAConnThread.run(Unknown Source)
Thu Jan 12 14:57:53 PST 2023 Thread[DRDAConnThread_4,5,main] (DATABASE = null), (DRDAID = null), Execution failed because of a Distributed Protocol Error:  DRDA_Proto_SYNTAXRM; CODPNT arg  = 0; Error Code Value = 3. Plaintext connection attempt from an SSL enabled client?
Thu Jan 12 14:57:53 PST 2023 : Execution failed because of a Distributed Protocol Error:  DRDA_Proto_SYNTAXRM; CODPNT arg  = 0; Error Code Value = 3. Plaintext connection attempt from an SSL enabled client?
org.apache.derby.impl.drda.DRDAProtocolException: Execution failed because of a Distributed Protocol Error:  DRDA_Proto_SYNTAXRM; CODPNT arg  = 0; Error Code Value = 3. Plaintext connection attempt from an SSL enabled client?
	at org.apache.derby.impl.drda.DRDAConnThread.throwSyntaxrm(Unknown Source)
	at org.apache.derby.impl.drda.DDMReader.readDssHeader(Unknown Source)
	at org.apache.derby.impl.drda.DRDAConnThread.exchangeServerAttributes(Unknown Source)
	at org.apache.derby.impl.drda.DRDAConnThread.sessionInitialState(Unknown Source)
	at org.apache.derby.impl.drda.DRDAConnThread.run(Unknown Source)
Thu Jan 12 14:58:23 PST 2023 Thread[DRDAConnThread_5,5,main] (DATABASE = null), (DRDAID = null), Execution failed because of a Distributed Protocol Error:  DRDA_Proto_SYNTAXRM; CODPNT arg  = 0; Error Code Value = 3. Plaintext connection attempt from an SSL enabled client?
Thu Jan 12 14:58:23 PST 2023 : Execution failed because of a Distributed Protocol Error:  DRDA_Proto_SYNTAXRM; CODPNT arg  = 0; Error Code Value = 3. Plaintext connection attempt from an SSL enabled client?
org.apache.derby.impl.drda.DRDAProtocolException: Execution failed because of a Distributed Protocol Error:  DRDA_Proto_SYNTAXRM; CODPNT arg  = 0; Error Code Value = 3. Plaintext connection attempt from an SSL enabled client?
	at org.apache.derby.impl.drda.DRDAConnThread.throwSyntaxrm(Unknown Source)
	at org.apache.derby.impl.drda.DDMReader.readDssHeader(Unknown Source)
	at org.apache.derby.impl.drda.DRDAConnThread.exchangeServerAttributes(Unknown Source)
	at org.apache.derby.impl.drda.DRDAConnThread.sessionInitialState(Unknown Source)
	at org.apache.derby.impl.drda.DRDAConnThread.run(Unknown Source)
Thu Jan 12 14:58:23 PST 2023 Thread[DRDAConnThread_5,5,main] (DATABASE = null), (DRDAID = null), Execution failed because of a Distributed Protocol Error:  DRDA_Proto_SYNTAXRM; CODPNT arg  = 0; Error Code Value = 3. Plaintext connection attempt from an SSL enabled client?
Thu Jan 12 14:58:23 PST 2023 : Execution failed because of a Distributed Protocol Error:  DRDA_Proto_SYNTAXRM; CODPNT arg  = 0; Error Code Value = 3. Plaintext connection attempt from an SSL enabled client?
org.apache.derby.impl.drda.DRDAProtocolException: Execution failed because of a Distributed Protocol Error:  DRDA_Proto_SYNTAXRM; CODPNT arg  = 0; Error Code Value = 3. Plaintext connection attempt from an SSL enabled client?
	at org.apache.derby.impl.drda.DRDAConnThread.throwSyntaxrm(Unknown Source)
	at org.apache.derby.impl.drda.DDMReader.readDssHeader(Unknown Source)
	at org.apache.derby.impl.drda.DRDAConnThread.exchangeServerAttributes(Unknown Source)
	at org.apache.derby.impl.drda.DRDAConnThread.sessionInitialState(Unknown Source)
	at org.apache.derby.impl.drda.DRDAConnThread.run(Unknown Source)
Thu Jan 12 14:58:29 PST 2023 Thread[DRDAConnThread_6,5,main] (DATABASE = null), (DRDAID = null), Execution failed because of a Distributed Protocol Error:  DRDA_Proto_SYNTAXRM; CODPNT arg  = 0; Error Code Value = 3. Plaintext connection attempt from an SSL enabled client?
Thu Jan 12 14:58:29 PST 2023 : Execution failed because of a Distributed Protocol Error:  DRDA_Proto_SYNTAXRM; CODPNT arg  = 0; Error Code Value = 3. Plaintext connection attempt from an SSL enabled client?
org.apache.derby.impl.drda.DRDAProtocolException: Execution failed because of a Distributed Protocol Error:  DRDA_Proto_SYNTAXRM; CODPNT arg  = 0; Error Code Value = 3. Plaintext connection attempt from an SSL enabled client?
	at org.apache.derby.impl.drda.DRDAConnThread.throwSyntaxrm(Unknown Source)
	at org.apache.derby.impl.drda.DDMReader.readDssHeader(Unknown Source)
	at org.apache.derby.impl.drda.DRDAConnThread.exchangeServerAttributes(Unknown Source)
	at org.apache.derby.impl.drda.DRDAConnThread.sessionInitialState(Unknown Source)
	at org.apache.derby.impl.drda.DRDAConnThread.run(Unknown Source)
Thu Jan 12 14:58:29 PST 2023 Thread[DRDAConnThread_6,5,main] (DATABASE = null), (DRDAID = null), Execution failed because of a Distributed Protocol Error:  DRDA_Proto_SYNTAXRM; CODPNT arg  = 0; Error Code Value = 3. Plaintext connection attempt from an SSL enabled client?
Thu Jan 12 14:58:29 PST 2023 : Execution failed because of a Distributed Protocol Error:  DRDA_Proto_SYNTAXRM; CODPNT arg  = 0; Error Code Value = 3. Plaintext connection attempt from an SSL enabled client?
org.apache.derby.impl.drda.DRDAProtocolException: Execution failed because of a Distributed Protocol Error:  DRDA_Proto_SYNTAXRM; CODPNT arg  = 0; Error Code Value = 3. Plaintext connection attempt from an SSL enabled client?
	at org.apache.derby.impl.drda.DRDAConnThread.throwSyntaxrm(Unknown Source)
	at org.apache.derby.impl.drda.DDMReader.readDssHeader(Unknown Source)
	at org.apache.derby.impl.drda.DRDAConnThread.exchangeServerAttributes(Unknown Source)
	at org.apache.derby.impl.drda.DRDAConnThread.sessionInitialState(Unknown Source)
	at org.apache.derby.impl.drda.DRDAConnThread.run(Unknown Source)
Thu Jan 12 14:58:32 PST 2023 Thread[DRDAConnThread_7,5,main] (DATABASE = null), (DRDAID = null), Execution failed because of a Distributed Protocol Error:  DRDA_Proto_SYNTAXRM; CODPNT arg  = 0; Error Code Value = 3. Plaintext connection attempt from an SSL enabled client?
Thu Jan 12 14:58:32 PST 2023 : Execution failed because of a Distributed Protocol Error:  DRDA_Proto_SYNTAXRM; CODPNT arg  = 0; Error Code Value = 3. Plaintext connection attempt from an SSL enabled client?
org.apache.derby.impl.drda.DRDAProtocolException: Execution failed because of a Distributed Protocol Error:  DRDA_Proto_SYNTAXRM; CODPNT arg  = 0; Error Code Value = 3. Plaintext connection attempt from an SSL enabled client?
	at org.apache.derby.impl.drda.DRDAConnThread.throwSyntaxrm(Unknown Source)
	at org.apache.derby.impl.drda.DDMReader.readDssHeader(Unknown Source)
	at org.apache.derby.impl.drda.DRDAConnThread.exchangeServerAttributes(Unknown Source)
	at org.apache.derby.impl.drda.DRDAConnThread.sessionInitialState(Unknown Source)
	at org.apache.derby.impl.drda.DRDAConnThread.run(Unknown Source)
Thu Jan 12 14:58:32 PST 2023 Thread[DRDAConnThread_7,5,main] (DATABASE = null), (DRDAID = null), Execution failed because of a Distributed Protocol Error:  DRDA_Proto_SYNTAXRM; CODPNT arg  = 0; Error Code Value = 3. Plaintext connection attempt from an SSL enabled client?
Thu Jan 12 14:58:32 PST 2023 : Execution failed because of a Distributed Protocol Error:  DRDA_Proto_SYNTAXRM; CODPNT arg  = 0; Error Code Value = 3. Plaintext connection attempt from an SSL enabled client?
org.apache.derby.impl.drda.DRDAProtocolException: Execution failed because of a Distributed Protocol Error:  DRDA_Proto_SYNTAXRM; CODPNT arg  = 0; Error Code Value = 3. Plaintext connection attempt from an SSL enabled client?
	at org.apache.derby.impl.drda.DRDAConnThread.throwSyntaxrm(Unknown Source)
	at org.apache.derby.impl.drda.DDMReader.readDssHeader(Unknown Source)
	at org.apache.derby.impl.drda.DRDAConnThread.exchangeServerAttributes(Unknown Source)
	at org.apache.derby.impl.drda.DRDAConnThread.sessionInitialState(Unknown Source)
	at org.apache.derby.impl.drda.DRDAConnThread.run(Unknown Source)
Thu Jan 12 14:58:33 PST 2023 Thread[DRDAConnThread_8,5,main] (DATABASE = null), (DRDAID = null), Execution failed because of a Distributed Protocol Error:  DRDA_Proto_SYNTAXRM; CODPNT arg  = 0; Error Code Value = 3. Plaintext connection attempt from an SSL enabled client?
Thu Jan 12 14:58:33 PST 2023 : Execution failed because of a Distributed Protocol Error:  DRDA_Proto_SYNTAXRM; CODPNT arg  = 0; Error Code Value = 3. Plaintext connection attempt from an SSL enabled client?
org.apache.derby.impl.drda.DRDAProtocolException: Execution failed because of a Distributed Protocol Error:  DRDA_Proto_SYNTAXRM; CODPNT arg  = 0; Error Code Value = 3. Plaintext connection attempt from an SSL enabled client?
	at org.apache.derby.impl.drda.DRDAConnThread.throwSyntaxrm(Unknown Source)
	at org.apache.derby.impl.drda.DDMReader.readDssHeader(Unknown Source)
	at org.apache.derby.impl.drda.DRDAConnThread.exchangeServerAttributes(Unknown Source)
	at org.apache.derby.impl.drda.DRDAConnThread.sessionInitialState(Unknown Source)
	at org.apache.derby.impl.drda.DRDAConnThread.run(Unknown Source)
Thu Jan 12 14:58:33 PST 2023 Thread[DRDAConnThread_8,5,main] (DATABASE = null), (DRDAID = null), Execution failed because of a Distributed Protocol Error:  DRDA_Proto_SYNTAXRM; CODPNT arg  = 0; Error Code Value = 3. Plaintext connection attempt from an SSL enabled client?
Thu Jan 12 14:58:33 PST 2023 : Execution failed because of a Distributed Protocol Error:  DRDA_Proto_SYNTAXRM; CODPNT arg  = 0; Error Code Value = 3. Plaintext connection attempt from an SSL enabled client?
org.apache.derby.impl.drda.DRDAProtocolException: Execution failed because of a Distributed Protocol Error:  DRDA_Proto_SYNTAXRM; CODPNT arg  = 0; Error Code Value = 3. Plaintext connection attempt from an SSL enabled client?
	at org.apache.derby.impl.drda.DRDAConnThread.throwSyntaxrm(Unknown Source)
	at org.apache.derby.impl.drda.DDMReader.readDssHeader(Unknown Source)
	at org.apache.derby.impl.drda.DRDAConnThread.exchangeServerAttributes(Unknown Source)
	at org.apache.derby.impl.drda.DRDAConnThread.sessionInitialState(Unknown Source)
	at org.apache.derby.impl.drda.DRDAConnThread.run(Unknown Source)
Fri Jan 13 10:19:31 PST 2023 Thread[DRDAConnThread_9,5,main] (DATABASE = null), (DRDAID = null), Execution failed because of a Distributed Protocol Error:  DRDA_Proto_SYNTAXRM; CODPNT arg  = 0; Error Code Value = 3. Plaintext connection attempt from an SSL enabled client?
Fri Jan 13 10:19:31 PST 2023 : Execution failed because of a Distributed Protocol Error:  DRDA_Proto_SYNTAXRM; CODPNT arg  = 0; Error Code Value = 3. Plaintext connection attempt from an SSL enabled client?
org.apache.derby.impl.drda.DRDAProtocolException: Execution failed because of a Distributed Protocol Error:  DRDA_Proto_SYNTAXRM; CODPNT arg  = 0; Error Code Value = 3. Plaintext connection attempt from an SSL enabled client?
	at org.apache.derby.impl.drda.DRDAConnThread.throwSyntaxrm(Unknown Source)
	at org.apache.derby.impl.drda.DDMReader.readDssHeader(Unknown Source)
	at org.apache.derby.impl.drda.DRDAConnThread.exchangeServerAttributes(Unknown Source)
	at org.apache.derby.impl.drda.DRDAConnThread.sessionInitialState(Unknown Source)
	at org.apache.derby.impl.drda.DRDAConnThread.run(Unknown Source)
Fri Jan 13 10:19:31 PST 2023 Thread[DRDAConnThread_9,5,main] (DATABASE = null), (DRDAID = null), Execution failed because of a Distributed Protocol Error:  DRDA_Proto_SYNTAXRM; CODPNT arg  = 0; Error Code Value = 3. Plaintext connection attempt from an SSL enabled client?
Fri Jan 13 10:19:31 PST 2023 : Execution failed because of a Distributed Protocol Error:  DRDA_Proto_SYNTAXRM; CODPNT arg  = 0; Error Code Value = 3. Plaintext connection attempt from an SSL enabled client?
org.apache.derby.impl.drda.DRDAProtocolException: Execution failed because of a Distributed Protocol Error:  DRDA_Proto_SYNTAXRM; CODPNT arg  = 0; Error Code Value = 3. Plaintext connection attempt from an SSL enabled client?
	at org.apache.derby.impl.drda.DRDAConnThread.throwSyntaxrm(Unknown Source)
	at org.apache.derby.impl.drda.DDMReader.readDssHeader(Unknown Source)
	at org.apache.derby.impl.drda.DRDAConnThread.exchangeServerAttributes(Unknown Source)
	at org.apache.derby.impl.drda.DRDAConnThread.sessionInitialState(Unknown Source)
	at org.apache.derby.impl.drda.DRDAConnThread.run(Unknown Source)
Fri Jan 13 10:19:33 PST 2023 Thread[DRDAConnThread_10,5,main] (DATABASE = null), (DRDAID = null), Execution failed because of a Distributed Protocol Error:  DRDA_Proto_SYNTAXRM; CODPNT arg  = 0; Error Code Value = 3. Plaintext connection attempt from an SSL enabled client?
Fri Jan 13 10:19:33 PST 2023 : Execution failed because of a Distributed Protocol Error:  DRDA_Proto_SYNTAXRM; CODPNT arg  = 0; Error Code Value = 3. Plaintext connection attempt from an SSL enabled client?
org.apache.derby.impl.drda.DRDAProtocolException: Execution failed because of a Distributed Protocol Error:  DRDA_Proto_SYNTAXRM; CODPNT arg  = 0; Error Code Value = 3. Plaintext connection attempt from an SSL enabled client?
	at org.apache.derby.impl.drda.DRDAConnThread.throwSyntaxrm(Unknown Source)
	at org.apache.derby.impl.drda.DDMReader.readDssHeader(Unknown Source)
	at org.apache.derby.impl.drda.DRDAConnThread.exchangeServerAttributes(Unknown Source)
	at org.apache.derby.impl.drda.DRDAConnThread.sessionInitialState(Unknown Source)
	at org.apache.derby.impl.drda.DRDAConnThread.run(Unknown Source)
Fri Jan 13 10:19:33 PST 2023 Thread[DRDAConnThread_10,5,main] (DATABASE = null), (DRDAID = null), Execution failed because of a Distributed Protocol Error:  DRDA_Proto_SYNTAXRM; CODPNT arg  = 0; Error Code Value = 3. Plaintext connection attempt from an SSL enabled client?
Fri Jan 13 10:19:33 PST 2023 : Execution failed because of a Distributed Protocol Error:  DRDA_Proto_SYNTAXRM; CODPNT arg  = 0; Error Code Value = 3. Plaintext connection attempt from an SSL enabled client?
org.apache.derby.impl.drda.DRDAProtocolException: Execution failed because of a Distributed Protocol Error:  DRDA_Proto_SYNTAXRM; CODPNT arg  = 0; Error Code Value = 3. Plaintext connection attempt from an SSL enabled client?
	at org.apache.derby.impl.drda.DRDAConnThread.throwSyntaxrm(Unknown Source)
	at org.apache.derby.impl.drda.DDMReader.readDssHeader(Unknown Source)
	at org.apache.derby.impl.drda.DRDAConnThread.exchangeServerAttributes(Unknown Source)
	at org.apache.derby.impl.drda.DRDAConnThread.sessionInitialState(Unknown Source)
	at org.apache.derby.impl.drda.DRDAConnThread.run(Unknown Source)
Fri Jan 13 10:19:33 PST 2023 Thread[DRDAConnThread_11,5,main] (DATABASE = null), (DRDAID = null), Execution failed because of a Distributed Protocol Error:  DRDA_Proto_SYNTAXRM; CODPNT arg  = 0; Error Code Value = 3. Plaintext connection attempt from an SSL enabled client?
Fri Jan 13 10:19:33 PST 2023 : Execution failed because of a Distributed Protocol Error:  DRDA_Proto_SYNTAXRM; CODPNT arg  = 0; Error Code Value = 3. Plaintext connection attempt from an SSL enabled client?
org.apache.derby.impl.drda.DRDAProtocolException: Execution failed because of a Distributed Protocol Error:  DRDA_Proto_SYNTAXRM; CODPNT arg  = 0; Error Code Value = 3. Plaintext connection attempt from an SSL enabled client?
	at org.apache.derby.impl.drda.DRDAConnThread.throwSyntaxrm(Unknown Source)
	at org.apache.derby.impl.drda.DDMReader.readDssHeader(Unknown Source)
	at org.apache.derby.impl.drda.DRDAConnThread.exchangeServerAttributes(Unknown Source)
	at org.apache.derby.impl.drda.DRDAConnThread.sessionInitialState(Unknown Source)
	at org.apache.derby.impl.drda.DRDAConnThread.run(Unknown Source)
Fri Jan 13 10:19:33 PST 2023 Thread[DRDAConnThread_11,5,main] (DATABASE = null), (DRDAID = null), Execution failed because of a Distributed Protocol Error:  DRDA_Proto_SYNTAXRM; CODPNT arg  = 0; Error Code Value = 3. Plaintext connection attempt from an SSL enabled client?
Fri Jan 13 10:19:33 PST 2023 : Execution failed because of a Distributed Protocol Error:  DRDA_Proto_SYNTAXRM; CODPNT arg  = 0; Error Code Value = 3. Plaintext connection attempt from an SSL enabled client?
org.apache.derby.impl.drda.DRDAProtocolException: Execution failed because of a Distributed Protocol Error:  DRDA_Proto_SYNTAXRM; CODPNT arg  = 0; Error Code Value = 3. Plaintext connection attempt from an SSL enabled client?
	at org.apache.derby.impl.drda.DRDAConnThread.throwSyntaxrm(Unknown Source)
	at org.apache.derby.impl.drda.DDMReader.readDssHeader(Unknown Source)
	at org.apache.derby.impl.drda.DRDAConnThread.exchangeServerAttributes(Unknown Source)
	at org.apache.derby.impl.drda.DRDAConnThread.sessionInitialState(Unknown Source)
	at org.apache.derby.impl.drda.DRDAConnThread.run(Unknown Source)
Fri Jan 13 10:19:39 PST 2023 Thread[DRDAConnThread_12,5,main] (DATABASE = null), (DRDAID = null), Execution failed because of a Distributed Protocol Error:  DRDA_Proto_SYNTAXRM; CODPNT arg  = 0; Error Code Value = 3. Plaintext connection attempt from an SSL enabled client?
Fri Jan 13 10:19:39 PST 2023 : Execution failed because of a Distributed Protocol Error:  DRDA_Proto_SYNTAXRM; CODPNT arg  = 0; Error Code Value = 3. Plaintext connection attempt from an SSL enabled client?
org.apache.derby.impl.drda.DRDAProtocolException: Execution failed because of a Distributed Protocol Error:  DRDA_Proto_SYNTAXRM; CODPNT arg  = 0; Error Code Value = 3. Plaintext connection attempt from an SSL enabled client?
	at org.apache.derby.impl.drda.DRDAConnThread.throwSyntaxrm(Unknown Source)
	at org.apache.derby.impl.drda.DDMReader.readDssHeader(Unknown Source)
	at org.apache.derby.impl.drda.DRDAConnThread.exchangeServerAttributes(Unknown Source)
	at org.apache.derby.impl.drda.DRDAConnThread.sessionInitialState(Unknown Source)
	at org.apache.derby.impl.drda.DRDAConnThread.run(Unknown Source)
Fri Jan 13 10:19:39 PST 2023 Thread[DRDAConnThread_12,5,main] (DATABASE = null), (DRDAID = null), Execution failed because of a Distributed Protocol Error:  DRDA_Proto_SYNTAXRM; CODPNT arg  = 0; Error Code Value = 3. Plaintext connection attempt from an SSL enabled client?
Fri Jan 13 10:19:39 PST 2023 : Execution failed because of a Distributed Protocol Error:  DRDA_Proto_SYNTAXRM; CODPNT arg  = 0; Error Code Value = 3. Plaintext connection attempt from an SSL enabled client?
org.apache.derby.impl.drda.DRDAProtocolException: Execution failed because of a Distributed Protocol Error:  DRDA_Proto_SYNTAXRM; CODPNT arg  = 0; Error Code Value = 3. Plaintext connection attempt from an SSL enabled client?
	at org.apache.derby.impl.drda.DRDAConnThread.throwSyntaxrm(Unknown Source)
	at org.apache.derby.impl.drda.DDMReader.readDssHeader(Unknown Source)
	at org.apache.derby.impl.drda.DRDAConnThread.exchangeServerAttributes(Unknown Source)
	at org.apache.derby.impl.drda.DRDAConnThread.sessionInitialState(Unknown Source)
	at org.apache.derby.impl.drda.DRDAConnThread.run(Unknown Source)
